<?xml version="1.0" encoding="UTF-8"?>
<!-- Generated by org.testng.reporters.JUnitReportReporter -->
<testsuite skipped="0" hostname="DESKTOP-JJ6SG7T" name="class1.Rashmi_TestNG2ndClass" tests="4" failures="0" timestamp="12 Apr 2020 06:14:04 GMT" time="0.020" errors="0">
  <testcase name="Srikanth" time="0.004" classname="class1.Rashmi_TestNG2ndClass"/>
  <testcase name="Gnanendra" time="0.003" classname="class1.Rashmi_TestNG2ndClass"/>
  <testcase name="Prasanth" time="0.002" classname="class1.Rashmi_TestNG2ndClass"/>
  <testcase name="Sakshi" time="0.011" classname="class1.Rashmi_TestNG2ndClass"/>
</testsuite> <!-- class1.Rashmi_TestNG2ndClass -->
