<?xml version="1.0" encoding="UTF-8"?>
<!-- Generated by org.testng.reporters.JUnitReportReporter -->
<testsuite skipped="0" hostname="DESKTOP-JJ6SG7T" name="class1.AnkitTestNGClass" tests="4" failures="0" timestamp="12 Apr 2020 06:14:04 GMT" time="0.043" errors="0">
  <testcase name="Ankita" time="0.012" classname="class1.AnkitTestNGClass"/>
  <testcase name="yashmi" time="0.002" classname="class1.AnkitTestNGClass"/>
  <testcase name="Ankit" time="0.021" classname="class1.AnkitTestNGClass"/>
  <testcase name="Prasanth" time="0.008" classname="class1.AnkitTestNGClass"/>
</testsuite> <!-- class1.AnkitTestNGClass -->
